<?xml version="1.0" encoding="UTF-8"?>
<testsuite xmlns:xsi="http://www.w3.org/2001/XMLSchema-instance" xsi:noNamespaceSchemaLocation="https://maven.apache.org/surefire/maven-surefire-plugin/xsd/surefire-test-report-3.0.xsd" version="3.0" name="TestSuite" time="11.497" tests="7" errors="0" skipped="0" failures="1">
  <properties>
[...]
</properties>
  <testcase name="testUserLoginStandalone" classname="tests.UserLoginTest" time="2.66">
    <failure message="1 expectation failed.&#10;Expected status code &lt;400&gt; but was &lt;200&gt;.&#10;" type="java.lang.AssertionError"><![CDATA[java.lang.AssertionError: 
1 expectation failed.
Expected status code <400> but was <200>.

	at java.base/jdk.internal.reflect.DirectConstructorHandleAccessor.newInstance(DirectConstructorHandleAccessor.java:62)
	at java.base/java.lang.reflect.Constructor.newInstanceWithCaller(Constructor.java:502)
	at java.base/java.lang.reflect.Constructor.newInstance(Constructor.java:486)
	at org.codehaus.groovy.reflection.CachedConstructor.invoke(CachedConstructor.java:73)
	at org.codehaus.groovy.runtime.callsite.ConstructorSite$ConstructorSiteNoUnwrapNoCoerce.callConstructor(ConstructorSite.java:108)
	at org.codehaus.groovy.runtime.callsite.CallSiteArray.defaultCallConstructor(CallSiteArray.java:57)
	at org.codehaus.groovy.runtime.callsite.AbstractCallSite.callConstructor(AbstractCallSite.java:263)
	at org.codehaus.groovy.runtime.callsite.AbstractCallSite.callConstructor(AbstractCallSite.java:277)
	at io.restassured.internal.ResponseSpecificationImpl$HamcrestAssertionClosure.validate(ResponseSpecificationImpl.groovy:512)
	at io.restassured.internal.ResponseSpecificationImpl$HamcrestAssertionClosure$validate$1.call(Unknown Source)
	at org.codehaus.groovy.runtime.callsite.CallSiteArray.defaultCall(CallSiteArray.java:45)
	at org.codehaus.groovy.runtime.callsite.AbstractCallSite.call(AbstractCallSite.java:125)
	at org.codehaus.groovy.runtime.callsite.AbstractCallSite.call(AbstractCallSite.java:139)
	at io.restassured.internal.ResponseSpecificationImpl.validateResponseIfRequired(ResponseSpecificationImpl.groovy:696)
	at io.restassured.internal.ResponseSpecificationImpl.this$2$validateResponseIfRequired(ResponseSpecificationImpl.groovy)
	at java.base/jdk.internal.reflect.DirectMethodHandleAccessor.invoke(DirectMethodHandleAccessor.java:103)
	at java.base/java.lang.reflect.Method.invoke(Method.java:580)
	at org.codehaus.groovy.runtime.callsite.PlainObjectMetaMethodSite.doInvoke(PlainObjectMetaMethodSite.java:43)
	at org.codehaus.groovy.runtime.callsite.PogoMetaMethodSite$PogoCachedMethodSiteNoUnwrapNoCoerce.invoke(PogoMetaMethodSite.java:198)
	at org.codehaus.groovy.runtime.callsite.PogoMetaMethodSite.callCurrent(PogoMetaMethodSite.java:62)
	at org.codehaus.groovy.runtime.callsite.CallSiteArray.defaultCallCurrent(CallSiteArray.java:49)
	at org.codehaus.groovy.runtime.callsite.AbstractCallSite.callCurrent(AbstractCallSite.java:171)
	at org.codehaus.groovy.runtime.callsite.AbstractCallSite.callCurrent(AbstractCallSite.java:185)
	at io.restassured.internal.ResponseSpecificationImpl.statusCode(ResponseSpecificationImpl.groovy:135)
	at io.restassured.specification.ResponseSpecification$statusCode$0.callCurrent(Unknown Source)
	at org.codehaus.groovy.runtime.callsite.CallSiteArray.defaultCallCurrent(CallSiteArray.java:49)
	at org.codehaus.groovy.runtime.callsite.AbstractCallSite.callCurrent(AbstractCallSite.java:171)
	at org.codehaus.groovy.runtime.callsite.AbstractCallSite.callCurrent(AbstractCallSite.java:185)
	at io.restassured.internal.ResponseSpecificationImpl.statusCode(ResponseSpecificationImpl.groovy:143)
	at io.restassured.internal.ValidatableResponseOptionsImpl.statusCode(ValidatableResponseOptionsImpl.java:89)
	at tests.UserLoginTest.testUserLoginStandalone(UserLoginTest.java:39)
	at java.base/jdk.internal.reflect.DirectMethodHandleAccessor.invoke(DirectMethodHandleAccessor.java:103)
	at java.base/java.lang.reflect.Method.invoke(Method.java:580)
	at org.testng.internal.invokers.MethodInvocationHelper.invokeMethod(MethodInvocationHelper.java:139)
	at org.testng.internal.invokers.TestInvoker.invokeMethod(TestInvoker.java:677)
	at org.testng.internal.invokers.TestInvoker.invokeTestMethod(TestInvoker.java:221)
	at org.testng.internal.invokers.MethodRunner.runInSequence(MethodRunner.java:50)
	at org.testng.internal.invokers.TestInvoker$MethodInvocationAgent.invoke(TestInvoker.java:969)
	at org.testng.internal.invokers.TestInvoker.invokeTestMethods(TestInvoker.java:194)
	at org.testng.internal.invokers.TestMethodWorker.invokeTestMethods(TestMethodWorker.java:148)
	at org.testng.internal.invokers.TestMethodWorker.run(TestMethodWorker.java:128)
	at java.base/java.util.ArrayList.forEach(ArrayList.java:1596)
	at org.testng.TestRunner.privateRun(TestRunner.java:829)
	at org.testng.TestRunner.run(TestRunner.java:602)
	at org.testng.SuiteRunner.runTest(SuiteRunner.java:437)
	at org.testng.SuiteRunner.runSequentially(SuiteRunner.java:431)
	at org.testng.SuiteRunner.privateRun(SuiteRunner.java:391)
	at org.testng.SuiteRunner.run(SuiteRunner.java:330)
	at org.testng.SuiteRunnerWorker.runSuite(SuiteRunnerWorker.java:52)
	at org.testng.SuiteRunnerWorker.run(SuiteRunnerWorker.java:95)
	at org.testng.TestNG.runSuitesSequentially(TestNG.java:1256)
	at org.testng.TestNG.runSuitesLocally(TestNG.java:1176)
	at org.testng.TestNG.runSuites(TestNG.java:1099)
	at org.testng.TestNG.run(TestNG.java:1067)
	at org.apache.maven.surefire.testng.TestNGExecutor.run(TestNGExecutor.java:151)
	at org.apache.maven.surefire.testng.TestNGDirectoryTestSuite.executeMulti(TestNGDirectoryTestSuite.java:192)
	at org.apache.maven.surefire.testng.TestNGDirectoryTestSuite.execute(TestNGDirectoryTestSuite.java:93)
	at org.apache.maven.surefire.testng.TestNGProvider.invoke(TestNGProvider.java:155)
	at org.apache.maven.surefire.booter.ForkedBooter.runSuitesInProcess(ForkedBooter.java:456)
	at org.apache.maven.surefire.booter.ForkedBooter.execute(ForkedBooter.java:169)
	at org.apache.maven.surefire.booter.ForkedBooter.run(ForkedBooter.java:595)
	at org.apache.maven.surefire.booter.ForkedBooter.main(ForkedBooter.java:581)
]]></failure>
    <system-out><![CDATA[2026-03-18 15:14:18 [main] INFO  tests.UserLoginTest - Setting up REST Assured base URI and logging filters for UserLoginTest
2026-03-18 15:14:19 [main] INFO  tests.UserLoginTest - Starting testUserLoginStandalone flow
2026-03-18 15:14:19 [main] INFO  utils.LogRestAssuredFilter - Request URI: https://petstore.swagger.io/v2/user/login?usrname=test&password=uuuu
2026-03-18 15:14:19 [main] INFO  utils.LogRestAssuredFilter - Request Method: GET
2026-03-18 15:14:19 [main] INFO  utils.LogRestAssuredFilter - Request Headers: Accept=application/json, application/javascript, text/javascript, text/json
2026-03-18 15:14:21 [main] INFO  utils.LogRestAssuredFilter - Response Status Code: 200
2026-03-18 15:14:21 [main] INFO  utils.LogRestAssuredFilter - Response Headers: Date=Wed, 18 Mar 2026 13:14:23 GMT
Content-Type=application/json
Transfer-Encoding=chunked
Connection=keep-alive
Access-Control-Allow-Origin=*
Access-Control-Allow-Methods=GET, POST, DELETE, PUT
Access-Control-Allow-Headers=Content-Type, api_key, Authorization
X-Expires-After=Wed Mar 18 14:14:23 UTC 2026
X-Rate-Limit=5000
Server=Jetty(9.2.9.v20150224)
2026-03-18 15:14:21 [main] INFO  utils.LogRestAssuredFilter - Response Body: {
    "code": 200,
    "type": "unknown",
    "message": "logged in user session:1773839663031"
}
]]></system-out>
  </testcase>
  <testcase name="testUserRegistration" classname="tests.UserRegistrationTest" time="2.016">
    <system-out><![CDATA[2026-03-18 15:14:21 [main] INFO  tests.UserRegistrationTest - Setting up REST Assured base URI and logging filters
2026-03-18 15:14:21 [main] INFO  tests.UserRegistrationTest - Starting testUserRegistration flow with username: testuser_6e8f9f9d
2026-03-18 15:14:21 [main] INFO  tests.UserRegistrationTest - Creating User POJO with test data
2026-03-18 15:14:21 [main] INFO  tests.UserRegistrationTest - Executing POST request to /user endpoint
2026-03-18 15:14:22 [main] INFO  utils.LogRestAssuredFilter - Request URI: https://petstore.swagger.io/v2/user
2026-03-18 15:14:22 [main] INFO  utils.LogRestAssuredFilter - Request Method: POST
2026-03-18 15:14:22 [main] INFO  utils.LogRestAssuredFilter - Request Headers: Accept=application/json, application/javascript, text/javascript, text/json
Content-Type=application/json
2026-03-18 15:14:22 [main] INFO  utils.LogRestAssuredFilter - Request Body: {"id":0,"username":"testuser_6e8f9f9d","firstName":"John","lastName":"Doe","email":"john.doe@example.com","password":"secret123","phone":"1234567890","userStatus":0}
2026-03-18 15:14:22 [main] INFO  utils.LogRestAssuredFilter - Request URI: https://petstore.swagger.io/v2/user
2026-03-18 15:14:22 [main] INFO  utils.LogRestAssuredFilter - Request Method: POST
2026-03-18 15:14:22 [main] INFO  utils.LogRestAssuredFilter - Request Headers: Accept=application/json, application/javascript, text/javascript, text/json
Content-Type=application/json
2026-03-18 15:14:22 [main] INFO  utils.LogRestAssuredFilter - Request Body: {"id":0,"username":"testuser_6e8f9f9d","firstName":"John","lastName":"Doe","email":"john.doe@example.com","password":"secret123","phone":"1234567890","userStatus":0}
2026-03-18 15:14:23 [main] INFO  utils.LogRestAssuredFilter - Response Status Code: 200
2026-03-18 15:14:23 [main] INFO  utils.LogRestAssuredFilter - Response Headers: Date=Wed, 18 Mar 2026 13:14:24 GMT
Content-Type=application/json
Transfer-Encoding=chunked
Connection=keep-alive
Access-Control-Allow-Origin=*
Access-Control-Allow-Methods=GET, POST, DELETE, PUT
Access-Control-Allow-Headers=Content-Type, api_key, Authorization
Server=Jetty(9.2.9.v20150224)
2026-03-18 15:14:23 [main] INFO  utils.LogRestAssuredFilter - Response Body: {
    "code": 200,
    "type": "unknown",
    "message": "9223372036854775807"
}
2026-03-18 15:14:23 [main] INFO  utils.LogRestAssuredFilter - Response Status Code: 200
2026-03-18 15:14:23 [main] INFO  utils.LogRestAssuredFilter - Response Headers: Date=Wed, 18 Mar 2026 13:14:24 GMT
Content-Type=application/json
Transfer-Encoding=chunked
Connection=keep-alive
Access-Control-Allow-Origin=*
Access-Control-Allow-Methods=GET, POST, DELETE, PUT
Access-Control-Allow-Headers=Content-Type, api_key, Authorization
Server=Jetty(9.2.9.v20150224)
2026-03-18 15:14:23 [main] INFO  utils.LogRestAssuredFilter - Response Body: {
    "code": 200,
    "type": "unknown",
    "message": "9223372036854775807"
}
2026-03-18 15:14:23 [main] INFO  tests.UserRegistrationTest - User registration test completed successfully
]]></system-out>
  </testcase>
  <testcase name="testGetUserByUsername" classname="tests.UserRegistrationTest" time="1.07">
    <system-out><![CDATA[2026-03-18 15:14:23 [main] INFO  tests.UserRegistrationTest - Starting testGetUserByUsername flow
2026-03-18 15:14:23 [main] INFO  utils.LogRestAssuredFilter - Request URI: https://petstore.swagger.io/v2/user/testuser_6e8f9f9d
2026-03-18 15:14:23 [main] INFO  utils.LogRestAssuredFilter - Request Method: GET
2026-03-18 15:14:23 [main] INFO  utils.LogRestAssuredFilter - Request Headers: Accept=application/json, application/javascript, text/javascript, text/json
2026-03-18 15:14:23 [main] INFO  utils.LogRestAssuredFilter - Request URI: https://petstore.swagger.io/v2/user/testuser_6e8f9f9d
2026-03-18 15:14:23 [main] INFO  utils.LogRestAssuredFilter - Request Method: GET
2026-03-18 15:14:23 [main] INFO  utils.LogRestAssuredFilter - Request Headers: Accept=application/json, application/javascript, text/javascript, text/json
2026-03-18 15:14:24 [main] INFO  utils.LogRestAssuredFilter - Response Status Code: 200
2026-03-18 15:14:24 [main] INFO  utils.LogRestAssuredFilter - Response Headers: Date=Wed, 18 Mar 2026 13:14:26 GMT
Content-Type=application/json
Transfer-Encoding=chunked
Connection=keep-alive
Access-Control-Allow-Origin=*
Access-Control-Allow-Methods=GET, POST, DELETE, PUT
Access-Control-Allow-Headers=Content-Type, api_key, Authorization
Server=Jetty(9.2.9.v20150224)
2026-03-18 15:14:24 [main] INFO  utils.LogRestAssuredFilter - Response Body: {
    "id": 9223372036854775807,
    "username": "testuser_6e8f9f9d",
    "firstName": "John",
    "lastName": "Doe",
    "email": "john.doe@example.com",
    "password": "secret123",
    "phone": "1234567890",
    "userStatus": 0
}
2026-03-18 15:14:24 [main] INFO  utils.LogRestAssuredFilter - Response Status Code: 200
2026-03-18 15:14:24 [main] INFO  utils.LogRestAssuredFilter - Response Headers: Date=Wed, 18 Mar 2026 13:14:26 GMT
Content-Type=application/json
Transfer-Encoding=chunked
Connection=keep-alive
Access-Control-Allow-Origin=*
Access-Control-Allow-Methods=GET, POST, DELETE, PUT
Access-Control-Allow-Headers=Content-Type, api_key, Authorization
Server=Jetty(9.2.9.v20150224)
2026-03-18 15:14:24 [main] INFO  utils.LogRestAssuredFilter - Response Body: {
    "id": 9223372036854775807,
    "username": "testuser_6e8f9f9d",
    "firstName": "John",
    "lastName": "Doe",
    "email": "john.doe@example.com",
    "password": "secret123",
    "phone": "1234567890",
    "userStatus": 0
}
2026-03-18 15:14:24 [main] INFO  tests.UserRegistrationTest - testGetUserByUsername completed successfully
]]></system-out>
  </testcase>
  <testcase name="testUpdateUser" classname="tests.UserRegistrationTest" time="1.057">
    <system-out><![CDATA[2026-03-18 15:14:24 [main] INFO  tests.UserRegistrationTest - Starting testUpdateUser flow
2026-03-18 15:14:24 [main] INFO  utils.LogRestAssuredFilter - Request URI: https://petstore.swagger.io/v2/user/testuser_6e8f9f9d
2026-03-18 15:14:24 [main] INFO  utils.LogRestAssuredFilter - Request Method: PUT
2026-03-18 15:14:24 [main] INFO  utils.LogRestAssuredFilter - Request Headers: Accept=application/json, application/javascript, text/javascript, text/json
Content-Type=application/json
2026-03-18 15:14:24 [main] INFO  utils.LogRestAssuredFilter - Request Body: {"id":0,"username":"testuser_6e8f9f9d","firstName":"John Updated","lastName":"Doe","email":"john.updated@example.com","password":"secret123","phone":"1234567890","userStatus":1}
2026-03-18 15:14:24 [main] INFO  utils.LogRestAssuredFilter - Request URI: https://petstore.swagger.io/v2/user/testuser_6e8f9f9d
2026-03-18 15:14:24 [main] INFO  utils.LogRestAssuredFilter - Request Method: PUT
2026-03-18 15:14:24 [main] INFO  utils.LogRestAssuredFilter - Request Headers: Accept=application/json, application/javascript, text/javascript, text/json
Content-Type=application/json
2026-03-18 15:14:24 [main] INFO  utils.LogRestAssuredFilter - Request Body: {"id":0,"username":"testuser_6e8f9f9d","firstName":"John Updated","lastName":"Doe","email":"john.updated@example.com","password":"secret123","phone":"1234567890","userStatus":1}
2026-03-18 15:14:25 [main] INFO  utils.LogRestAssuredFilter - Response Status Code: 200
2026-03-18 15:14:25 [main] INFO  utils.LogRestAssuredFilter - Response Headers: Date=Wed, 18 Mar 2026 13:14:27 GMT
Content-Type=application/json
Transfer-Encoding=chunked
Connection=keep-alive
Access-Control-Allow-Origin=*
Access-Control-Allow-Methods=GET, POST, DELETE, PUT
Access-Control-Allow-Headers=Content-Type, api_key, Authorization
Server=Jetty(9.2.9.v20150224)
2026-03-18 15:14:25 [main] INFO  utils.LogRestAssuredFilter - Response Body: {
    "code": 200,
    "type": "unknown",
    "message": "9223372036854775807"
}
2026-03-18 15:14:25 [main] INFO  utils.LogRestAssuredFilter - Response Status Code: 200
2026-03-18 15:14:25 [main] INFO  utils.LogRestAssuredFilter - Response Headers: Date=Wed, 18 Mar 2026 13:14:27 GMT
Content-Type=application/json
Transfer-Encoding=chunked
Connection=keep-alive
Access-Control-Allow-Origin=*
Access-Control-Allow-Methods=GET, POST, DELETE, PUT
Access-Control-Allow-Headers=Content-Type, api_key, Authorization
Server=Jetty(9.2.9.v20150224)
2026-03-18 15:14:25 [main] INFO  utils.LogRestAssuredFilter - Response Body: {
    "code": 200,
    "type": "unknown",
    "message": "9223372036854775807"
}
2026-03-18 15:14:25 [main] INFO  tests.UserRegistrationTest - testUpdateUser completed successfully
]]></system-out>
  </testcase>
  <testcase name="testLoginUser" classname="tests.UserRegistrationTest" time="0.977">
    <system-out><![CDATA[2026-03-18 15:14:25 [main] INFO  tests.UserRegistrationTest - Starting testLoginUser flow
2026-03-18 15:14:25 [main] INFO  utils.LogRestAssuredFilter - Request URI: https://petstore.swagger.io/v2/user/login?username=testuser_6e8f9f9d&password=secret123
2026-03-18 15:14:25 [main] INFO  utils.LogRestAssuredFilter - Request Method: GET
2026-03-18 15:14:25 [main] INFO  utils.LogRestAssuredFilter - Request Headers: Accept=application/json, application/javascript, text/javascript, text/json
2026-03-18 15:14:25 [main] INFO  utils.LogRestAssuredFilter - Request URI: https://petstore.swagger.io/v2/user/login?username=testuser_6e8f9f9d&password=secret123
2026-03-18 15:14:25 [main] INFO  utils.LogRestAssuredFilter - Request Method: GET
2026-03-18 15:14:25 [main] INFO  utils.LogRestAssuredFilter - Request Headers: Accept=application/json, application/javascript, text/javascript, text/json
2026-03-18 15:14:26 [main] INFO  utils.LogRestAssuredFilter - Response Status Code: 200
2026-03-18 15:14:26 [main] INFO  utils.LogRestAssuredFilter - Response Headers: Date=Wed, 18 Mar 2026 13:14:28 GMT
Content-Type=application/json
Transfer-Encoding=chunked
Connection=keep-alive
Access-Control-Allow-Origin=*
Access-Control-Allow-Methods=GET, POST, DELETE, PUT
Access-Control-Allow-Headers=Content-Type, api_key, Authorization
X-Expires-After=Wed Mar 18 14:14:28 UTC 2026
X-Rate-Limit=5000
Server=Jetty(9.2.9.v20150224)
2026-03-18 15:14:26 [main] INFO  utils.LogRestAssuredFilter - Response Body: {
    "code": 200,
    "type": "unknown",
    "message": "logged in user session:1773839668226"
}
2026-03-18 15:14:26 [main] INFO  utils.LogRestAssuredFilter - Response Status Code: 200
2026-03-18 15:14:26 [main] INFO  utils.LogRestAssuredFilter - Response Headers: Date=Wed, 18 Mar 2026 13:14:28 GMT
Content-Type=application/json
Transfer-Encoding=chunked
Connection=keep-alive
Access-Control-Allow-Origin=*
Access-Control-Allow-Methods=GET, POST, DELETE, PUT
Access-Control-Allow-Headers=Content-Type, api_key, Authorization
X-Expires-After=Wed Mar 18 14:14:28 UTC 2026
X-Rate-Limit=5000
Server=Jetty(9.2.9.v20150224)
2026-03-18 15:14:26 [main] INFO  utils.LogRestAssuredFilter - Response Body: {
    "code": 200,
    "type": "unknown",
    "message": "logged in user session:1773839668226"
}
2026-03-18 15:14:26 [main] INFO  tests.UserRegistrationTest - testLoginUser completed successfully
]]></system-out>
  </testcase>
  <testcase name="testLogoutUser" classname="tests.UserRegistrationTest" time="1.078">
    <system-out><![CDATA[2026-03-18 15:14:26 [main] INFO  tests.UserRegistrationTest - Starting testLogoutUser flow
2026-03-18 15:14:26 [main] INFO  utils.LogRestAssuredFilter - Request URI: https://petstore.swagger.io/v2/user/logout
2026-03-18 15:14:26 [main] INFO  utils.LogRestAssuredFilter - Request Method: GET
2026-03-18 15:14:26 [main] INFO  utils.LogRestAssuredFilter - Request Headers: Accept=application/json, application/javascript, text/javascript, text/json
2026-03-18 15:14:26 [main] INFO  utils.LogRestAssuredFilter - Request URI: https://petstore.swagger.io/v2/user/logout
2026-03-18 15:14:26 [main] INFO  utils.LogRestAssuredFilter - Request Method: GET
2026-03-18 15:14:26 [main] INFO  utils.LogRestAssuredFilter - Request Headers: Accept=application/json, application/javascript, text/javascript, text/json
2026-03-18 15:14:28 [main] INFO  utils.LogRestAssuredFilter - Response Status Code: 200
2026-03-18 15:14:28 [main] INFO  utils.LogRestAssuredFilter - Response Headers: Date=Wed, 18 Mar 2026 13:14:29 GMT
Content-Type=application/json
Transfer-Encoding=chunked
Connection=keep-alive
Access-Control-Allow-Origin=*
Access-Control-Allow-Methods=GET, POST, DELETE, PUT
Access-Control-Allow-Headers=Content-Type, api_key, Authorization
Server=Jetty(9.2.9.v20150224)
2026-03-18 15:14:28 [main] INFO  utils.LogRestAssuredFilter - Response Body: {
    "code": 200,
    "type": "unknown",
    "message": "ok"
}
2026-03-18 15:14:28 [main] INFO  utils.LogRestAssuredFilter - Response Status Code: 200
2026-03-18 15:14:28 [main] INFO  utils.LogRestAssuredFilter - Response Headers: Date=Wed, 18 Mar 2026 13:14:29 GMT
Content-Type=application/json
Transfer-Encoding=chunked
Connection=keep-alive
Access-Control-Allow-Origin=*
Access-Control-Allow-Methods=GET, POST, DELETE, PUT
Access-Control-Allow-Headers=Content-Type, api_key, Authorization
Server=Jetty(9.2.9.v20150224)
2026-03-18 15:14:28 [main] INFO  utils.LogRestAssuredFilter - Response Body: {
    "code": 200,
    "type": "unknown",
    "message": "ok"
}
2026-03-18 15:14:28 [main] INFO  tests.UserRegistrationTest - testLogoutUser completed successfully
]]></system-out>
  </testcase>
  <testcase name="testDeleteUser" classname="tests.UserRegistrationTest" time="1.117">
    <system-out><![CDATA[2026-03-18 15:14:28 [main] INFO  tests.UserRegistrationTest - Starting testDeleteUser flow
2026-03-18 15:14:28 [main] INFO  utils.LogRestAssuredFilter - Request URI: https://petstore.swagger.io/v2/user/testuser_6e8f9f9d
2026-03-18 15:14:28 [main] INFO  utils.LogRestAssuredFilter - Request Method: DELETE
2026-03-18 15:14:28 [main] INFO  utils.LogRestAssuredFilter - Request Headers: Accept=application/json, application/javascript, text/javascript, text/json
2026-03-18 15:14:28 [main] INFO  utils.LogRestAssuredFilter - Request URI: https://petstore.swagger.io/v2/user/testuser_6e8f9f9d
2026-03-18 15:14:28 [main] INFO  utils.LogRestAssuredFilter - Request Method: DELETE
2026-03-18 15:14:28 [main] INFO  utils.LogRestAssuredFilter - Request Headers: Accept=application/json, application/javascript, text/javascript, text/json
2026-03-18 15:14:29 [main] INFO  utils.LogRestAssuredFilter - Response Status Code: 200
2026-03-18 15:14:29 [main] INFO  utils.LogRestAssuredFilter - Response Headers: Date=Wed, 18 Mar 2026 13:14:30 GMT
Content-Type=application/json
Transfer-Encoding=chunked
Connection=keep-alive
Access-Control-Allow-Origin=*
Access-Control-Allow-Methods=GET, POST, DELETE, PUT
Access-Control-Allow-Headers=Content-Type, api_key, Authorization
Server=Jetty(9.2.9.v20150224)
2026-03-18 15:14:29 [main] INFO  utils.LogRestAssuredFilter - Response Body: {
    "code": 200,
    "type": "unknown",
    "message": "testuser_6e8f9f9d"
}
2026-03-18 15:14:29 [main] INFO  utils.LogRestAssuredFilter - Response Status Code: 200
2026-03-18 15:14:29 [main] INFO  utils.LogRestAssuredFilter - Response Headers: Date=Wed, 18 Mar 2026 13:14:30 GMT
Content-Type=application/json
Transfer-Encoding=chunked
Connection=keep-alive
Access-Control-Allow-Origin=*
Access-Control-Allow-Methods=GET, POST, DELETE, PUT
Access-Control-Allow-Headers=Content-Type, api_key, Authorization
Server=Jetty(9.2.9.v20150224)
2026-03-18 15:14:29 [main] INFO  utils.LogRestAssuredFilter - Response Body: {
    "code": 200,
    "type": "unknown",
    "message": "testuser_6e8f9f9d"
}
]]></system-out>
  </testcase>
</testsuite>