<?xml version="1.0" encoding="UTF-8"?>
<!-- Generated by org.testng.reporters.JUnitReportReporter -->
<testsuite hostname="DESKTOP-NIJCLOC" failures="0" tests="6" name="tests.UserRegistrationTest" time="7.304" errors="0" timestamp="2026-03-18T15:14:29 EET" skipped="0">
  <testcase classname="tests.UserRegistrationTest" name="testLogoutUser" time="1.076"/>
  <system-out/>
  <testcase classname="tests.UserRegistrationTest" name="testGetUserByUsername" time="1.066"/>
  <system-out/>
  <testcase classname="tests.UserRegistrationTest" name="testDeleteUser" time="1.112"/>
  <system-out/>
  <testcase classname="tests.UserRegistrationTest" name="testUserRegistration" time="2.017"/>
  <system-out/>
  <testcase classname="tests.UserRegistrationTest" name="testLoginUser" time="0.978"/>
  <system-out/>
  <testcase classname="tests.UserRegistrationTest" name="testUpdateUser" time="1.055"/>
  <system-out/>
</testsuite> <!-- tests.UserRegistrationTest -->
